<?xml version="1.0" encoding="UTF-8"?>
<testng-results skipped="0" failed="0" total="1" passed="1">
  <reporter-output>
  </reporter-output>
  <suite name="Default suite" duration-ms="62457" started-at="2018-07-10T20:03:17Z" finished-at="2018-07-10T20:04:19Z">
    <groups>
    </groups>
    <test name="Default test" duration-ms="62457" started-at="2018-07-10T20:03:17Z" finished-at="2018-07-10T20:04:19Z">
      <class name="org.apache.maven.maven_JKT.TestClass">
        <test-method status="PASS" signature="VerifyChildTicket()[pri:0, instance:org.apache.maven.maven_JKT.TestClass@fe5c40]" name="VerifyChildTicket" duration-ms="62422" started-at="2018-07-11T01:33:17Z" finished-at="2018-07-11T01:34:19Z">
          <reporter-output>
          </reporter-output>
        </test-method> <!-- VerifyChildTicket -->
      </class> <!-- org.apache.maven.maven_JKT.TestClass -->
    </test> <!-- Default test -->
  </suite> <!-- Default suite -->
</testng-results>
